#! /usr/bin/vvp
:ivl_version "0.9.5 " "(v0_9_5)";
:vpi_time_precision - 10;
:vpi_module "system";
:vpi_module "v2005_math";
:vpi_module "va_math";
S_0x911cf00 .scope module, "test" "test" 2 3;
 .timescale -9 -10;
v0x914d6c0_0 .var "A", 3 0;
v0x914d710_0 .var "B", 3 0;
v0x914d760_0 .var "Cin", 0 0;
v0x914d7b0_0 .net "Cout", 0 0, L_0x914daa8; 1 drivers
RS_0x912f744 .resolv tri, L_0x914dae0, L_0x914dda0, L_0x914e0d0, L_0x914e338;
v0x914d838_0 .net8 "S", 3 0, RS_0x912f744; 4 drivers
E_0x911d0f8 .event edge, v0x914d430_0, v0x914d3e0_0;
S_0x911d078 .scope module, "DUT" "four_bit_adder" 2 8, 3 23, S_0x911cf00;
 .timescale -9 -10;
v0x914d3e0_0 .net "A", 3 0, v0x914d6c0_0; 1 drivers
v0x914d430_0 .net "B", 3 0, v0x914d710_0; 1 drivers
v0x914d480_0 .net "C1", 0 0, L_0x914d888; 1 drivers
v0x914d4d0_0 .net "C2", 0 0, L_0x914dba0; 1 drivers
v0x914d520_0 .net "C3", 0 0, L_0x914de28; 1 drivers
v0x914d570_0 .net "Cin", 0 0, v0x914d760_0; 1 drivers
v0x914d5f8_0 .alias "Cout", 0 0, v0x914d7b0_0;
v0x914d648_0 .alias "S", 3 0, v0x914d838_0;
L_0x914d960 .part v0x914d6c0_0, 0, 1;
L_0x914da20 .part v0x914d710_0, 0, 1;
L_0x914dae0 .part/pv v0x914cd68_0, 0, 1, 4;
L_0x914dc78 .part v0x914d6c0_0, 1, 1;
L_0x914dd18 .part v0x914d710_0, 1, 1;
L_0x914dda0 .part/pv v0x914c500_0, 1, 1, 4;
L_0x914df00 .part v0x914d6c0_0, 2, 1;
L_0x914dff0 .part v0x914d710_0, 2, 1;
L_0x914e0d0 .part/pv v0x914bc88_0, 2, 1, 4;
L_0x914e1f8 .part v0x914d6c0_0, 3, 1;
L_0x914e2b0 .part v0x914d710_0, 3, 1;
L_0x914e338 .part/pv v0x914b3e0_0, 3, 1, 4;
S_0x914cb78 .scope module, "FA1" "full_adder" 3 29, 3 13, S_0x911d078;
 .timescale -9 -10;
L_0x914d888 .functor OR 1, v0x914cf08_0, v0x914cd18_0, C4<0>, C4<0>;
v0x914cff0_0 .net "A", 0 0, L_0x914d960; 1 drivers
v0x914d060_0 .net "B", 0 0, L_0x914da20; 1 drivers
v0x914d0d0_0 .alias "I", 0 0, v0x914d570_0;
v0x914d140_0 .alias "O", 0 0, v0x914d480_0;
v0x914d1e0_0 .net "S", 0 0, v0x914cd68_0; 1 drivers
v0x914d230_0 .net "c1", 0 0, v0x914cf08_0; 1 drivers
v0x914d2c0_0 .net "c2", 0 0, v0x914cd18_0; 1 drivers
v0x914d330_0 .net "s1", 0 0, v0x914cf68_0; 1 drivers
S_0x914cdb8 .scope module, "HA1" "half_adder" 3 17, 3 2, S_0x914cb78;
 .timescale -9 -10;
v0x914ce38_0 .alias "a", 0 0, v0x914cff0_0;
v0x914cea8_0 .alias "b", 0 0, v0x914d060_0;
v0x914cf08_0 .var "c", 0 0;
v0x914cf68_0 .var "s", 0 0;
E_0x914ca18 .event edge, v0x914cea8_0, v0x914ce38_0;
S_0x914cbf8 .scope module, "HA2" "half_adder" 3 18, 3 2, S_0x914cb78;
 .timescale -9 -10;
v0x914cc78_0 .alias "a", 0 0, v0x914d330_0;
v0x914ccc8_0 .alias "b", 0 0, v0x914d570_0;
v0x914cd18_0 .var "c", 0 0;
v0x914cd68_0 .var "s", 0 0;
E_0x914c768 .event edge, v0x914ccc8_0, v0x914cc78_0;
S_0x914c310 .scope module, "FA2" "full_adder" 3 30, 3 13, S_0x911d078;
 .timescale -9 -10;
L_0x914dba0 .functor OR 1, v0x914c6a0_0, v0x914c4b0_0, C4<0>, C4<0>;
v0x914c788_0 .net "A", 0 0, L_0x914dc78; 1 drivers
v0x914c7f8_0 .net "B", 0 0, L_0x914dd18; 1 drivers
v0x914c868_0 .alias "I", 0 0, v0x914d480_0;
v0x914c8d8_0 .alias "O", 0 0, v0x914d4d0_0;
v0x914c978_0 .net "S", 0 0, v0x914c500_0; 1 drivers
v0x914c9c8_0 .net "c1", 0 0, v0x914c6a0_0; 1 drivers
v0x914ca58_0 .net "c2", 0 0, v0x914c4b0_0; 1 drivers
v0x914cac8_0 .net "s1", 0 0, v0x914c700_0; 1 drivers
S_0x914c550 .scope module, "HA1" "half_adder" 3 17, 3 2, S_0x914c310;
 .timescale -9 -10;
v0x914c5d0_0 .alias "a", 0 0, v0x914c788_0;
v0x914c640_0 .alias "b", 0 0, v0x914c7f8_0;
v0x914c6a0_0 .var "c", 0 0;
v0x914c700_0 .var "s", 0 0;
E_0x914c1b0 .event edge, v0x914c640_0, v0x914c5d0_0;
S_0x914c390 .scope module, "HA2" "half_adder" 3 18, 3 2, S_0x914c310;
 .timescale -9 -10;
v0x914c410_0 .alias "a", 0 0, v0x914cac8_0;
v0x914c460_0 .alias "b", 0 0, v0x914d480_0;
v0x914c4b0_0 .var "c", 0 0;
v0x914c500_0 .var "s", 0 0;
E_0x914bf00 .event edge, v0x914c460_0, v0x914c410_0;
S_0x914ba98 .scope module, "FA3" "full_adder" 3 31, 3 13, S_0x911d078;
 .timescale -9 -10;
L_0x914de28 .functor OR 1, v0x914be38_0, v0x914bc38_0, C4<0>, C4<0>;
v0x914bf20_0 .net "A", 0 0, L_0x914df00; 1 drivers
v0x914bf90_0 .net "B", 0 0, L_0x914dff0; 1 drivers
v0x914c000_0 .alias "I", 0 0, v0x914d4d0_0;
v0x914c070_0 .alias "O", 0 0, v0x914d520_0;
v0x914c110_0 .net "S", 0 0, v0x914bc88_0; 1 drivers
v0x914c160_0 .net "c1", 0 0, v0x914be38_0; 1 drivers
v0x914c1f0_0 .net "c2", 0 0, v0x914bc38_0; 1 drivers
v0x914c260_0 .net "s1", 0 0, v0x914be98_0; 1 drivers
S_0x914bcd8 .scope module, "HA1" "half_adder" 3 17, 3 2, S_0x914ba98;
 .timescale -9 -10;
v0x914bd68_0 .alias "a", 0 0, v0x914bf20_0;
v0x914bdd8_0 .alias "b", 0 0, v0x914bf90_0;
v0x914be38_0 .var "c", 0 0;
v0x914be98_0 .var "s", 0 0;
E_0x914b938 .event edge, v0x914bdd8_0, v0x914bd68_0;
S_0x914bb18 .scope module, "HA2" "half_adder" 3 18, 3 2, S_0x914ba98;
 .timescale -9 -10;
v0x914bb98_0 .alias "a", 0 0, v0x914c260_0;
v0x914bbe8_0 .alias "b", 0 0, v0x914d4d0_0;
v0x914bc38_0 .var "c", 0 0;
v0x914bc88_0 .var "s", 0 0;
E_0x914b6a0 .event edge, v0x914bbe8_0, v0x914bb98_0;
S_0x911e7b0 .scope module, "FA4" "full_adder" 3 32, 3 13, S_0x911d078;
 .timescale -9 -10;
L_0x914daa8 .functor OR 1, v0x914b5d8_0, v0x914b380_0, C4<0>, C4<0>;
v0x914b6c0_0 .net "A", 0 0, L_0x914e1f8; 1 drivers
v0x914b730_0 .net "B", 0 0, L_0x914e2b0; 1 drivers
v0x914b7a0_0 .alias "I", 0 0, v0x914d520_0;
v0x914b810_0 .alias "O", 0 0, v0x914d7b0_0;
v0x914b878_0 .net "S", 0 0, v0x914b3e0_0; 1 drivers
v0x914b8e8_0 .net "c1", 0 0, v0x914b5d8_0; 1 drivers
v0x914b978_0 .net "c2", 0 0, v0x914b380_0; 1 drivers
v0x914b9e8_0 .net "s1", 0 0, v0x914b638_0; 1 drivers
S_0x914b448 .scope module, "HA1" "half_adder" 3 17, 3 2, S_0x911e7b0;
 .timescale -9 -10;
v0x914b508_0 .alias "a", 0 0, v0x914b6c0_0;
v0x914b578_0 .alias "b", 0 0, v0x914b730_0;
v0x914b5d8_0 .var "c", 0 0;
v0x914b638_0 .var "s", 0 0;
E_0x914b4c8 .event edge, v0x914b578_0, v0x914b508_0;
S_0x911db58 .scope module, "HA2" "half_adder" 3 18, 3 2, S_0x911e7b0;
 .timescale -9 -10;
v0x911c1c0_0 .alias "a", 0 0, v0x914b9e8_0;
v0x914b320_0 .alias "b", 0 0, v0x914d520_0;
v0x914b380_0 .var "c", 0 0;
v0x914b3e0_0 .var "s", 0 0;
E_0x911e560 .event edge, v0x914b320_0, v0x911c1c0_0;
    .scope S_0x914cdb8;
T_0 ;
    %wait E_0x914ca18;
    %load/v 8, v0x914ce38_0, 1;
    %load/v 9, v0x914cea8_0, 1;
    %xor 8, 9, 1;
    %ix/load 0, 1, 0;
    %assign/v0 v0x914cf68_0, 0, 8;
    %load/v 8, v0x914ce38_0, 1;
    %load/v 9, v0x914cea8_0, 1;
    %and 8, 9, 1;
    %ix/load 0, 1, 0;
    %assign/v0 v0x914cf08_0, 0, 8;
    %jmp T_0;
    .thread T_0, $push;
    .scope S_0x914cbf8;
T_1 ;
    %wait E_0x914c768;
    %load/v 8, v0x914cc78_0, 1;
    %load/v 9, v0x914ccc8_0, 1;
    %xor 8, 9, 1;
    %ix/load 0, 1, 0;
    %assign/v0 v0x914cd68_0, 0, 8;
    %load/v 8, v0x914cc78_0, 1;
    %load/v 9, v0x914ccc8_0, 1;
    %and 8, 9, 1;
    %ix/load 0, 1, 0;
    %assign/v0 v0x914cd18_0, 0, 8;
    %jmp T_1;
    .thread T_1, $push;
    .scope S_0x914c550;
T_2 ;
    %wait E_0x914c1b0;
    %load/v 8, v0x914c5d0_0, 1;
    %load/v 9, v0x914c640_0, 1;
    %xor 8, 9, 1;
    %ix/load 0, 1, 0;
    %assign/v0 v0x914c700_0, 0, 8;
    %load/v 8, v0x914c5d0_0, 1;
    %load/v 9, v0x914c640_0, 1;
    %and 8, 9, 1;
    %ix/load 0, 1, 0;
    %assign/v0 v0x914c6a0_0, 0, 8;
    %jmp T_2;
    .thread T_2, $push;
    .scope S_0x914c390;
T_3 ;
    %wait E_0x914bf00;
    %load/v 8, v0x914c410_0, 1;
    %load/v 9, v0x914c460_0, 1;
    %xor 8, 9, 1;
    %ix/load 0, 1, 0;
    %assign/v0 v0x914c500_0, 0, 8;
    %load/v 8, v0x914c410_0, 1;
    %load/v 9, v0x914c460_0, 1;
    %and 8, 9, 1;
    %ix/load 0, 1, 0;
    %assign/v0 v0x914c4b0_0, 0, 8;
    %jmp T_3;
    .thread T_3, $push;
    .scope S_0x914bcd8;
T_4 ;
    %wait E_0x914b938;
    %load/v 8, v0x914bd68_0, 1;
    %load/v 9, v0x914bdd8_0, 1;
    %xor 8, 9, 1;
    %ix/load 0, 1, 0;
    %assign/v0 v0x914be98_0, 0, 8;
    %load/v 8, v0x914bd68_0, 1;
    %load/v 9, v0x914bdd8_0, 1;
    %and 8, 9, 1;
    %ix/load 0, 1, 0;
    %assign/v0 v0x914be38_0, 0, 8;
    %jmp T_4;
    .thread T_4, $push;
    .scope S_0x914bb18;
T_5 ;
    %wait E_0x914b6a0;
    %load/v 8, v0x914bb98_0, 1;
    %load/v 9, v0x914bbe8_0, 1;
    %xor 8, 9, 1;
    %ix/load 0, 1, 0;
    %assign/v0 v0x914bc88_0, 0, 8;
    %load/v 8, v0x914bb98_0, 1;
    %load/v 9, v0x914bbe8_0, 1;
    %and 8, 9, 1;
    %ix/load 0, 1, 0;
    %assign/v0 v0x914bc38_0, 0, 8;
    %jmp T_5;
    .thread T_5, $push;
    .scope S_0x914b448;
T_6 ;
    %wait E_0x914b4c8;
    %load/v 8, v0x914b508_0, 1;
    %load/v 9, v0x914b578_0, 1;
    %xor 8, 9, 1;
    %ix/load 0, 1, 0;
    %assign/v0 v0x914b638_0, 0, 8;
    %load/v 8, v0x914b508_0, 1;
    %load/v 9, v0x914b578_0, 1;
    %and 8, 9, 1;
    %ix/load 0, 1, 0;
    %assign/v0 v0x914b5d8_0, 0, 8;
    %jmp T_6;
    .thread T_6, $push;
    .scope S_0x911db58;
T_7 ;
    %wait E_0x911e560;
    %load/v 8, v0x911c1c0_0, 1;
    %load/v 9, v0x914b320_0, 1;
    %xor 8, 9, 1;
    %ix/load 0, 1, 0;
    %assign/v0 v0x914b3e0_0, 0, 8;
    %load/v 8, v0x911c1c0_0, 1;
    %load/v 9, v0x914b320_0, 1;
    %and 8, 9, 1;
    %ix/load 0, 1, 0;
    %assign/v0 v0x914b380_0, 0, 8;
    %jmp T_7;
    .thread T_7, $push;
    .scope S_0x911cf00;
T_8 ;
    %vpi_call 2 11 "$dumpfile", "adder_data.vcd";
    %vpi_call 2 12 "$dumpvars", 1'sb0, S_0x911d078;
    %end;
    .thread T_8;
    .scope S_0x911cf00;
T_9 ;
    %set/v v0x914d6c0_0, 0, 4;
    %set/v v0x914d710_0, 0, 4;
    %set/v v0x914d760_0, 0, 1;
    %delay 100, 0;
    %movi 8, 7, 4;
    %set/v v0x914d6c0_0, 8, 4;
    %movi 8, 2, 4;
    %set/v v0x914d710_0, 8, 4;
    %delay 100, 0;
    %movi 8, 5, 4;
    %set/v v0x914d6c0_0, 8, 4;
    %movi 8, 8, 4;
    %set/v v0x914d710_0, 8, 4;
    %delay 100, 0;
    %movi 8, 9, 4;
    %set/v v0x914d6c0_0, 8, 4;
    %movi 8, 11, 4;
    %set/v v0x914d710_0, 8, 4;
    %delay 100, 0;
    %movi 8, 2, 4;
    %set/v v0x914d6c0_0, 8, 4;
    %movi 8, 2, 4;
    %set/v v0x914d710_0, 8, 4;
    %set/v v0x914d760_0, 1, 1;
    %delay 100, 0;
    %end;
    .thread T_9;
    .scope S_0x911cf00;
T_10 ;
    %wait E_0x911d0f8;
    %vpi_call 2 24 "$display", "%d A=%b B=%b S=%b", $time, v0x914d6c0_0, v0x914d710_0, v0x914d838_0;
    %jmp T_10;
    .thread T_10, $push;
# The file index is used to find the file name in the following table.
:file_names 4;
    "N/A";
    "<interactive>";
    "testbench.v";
    "be_model.v";
